2022-11-01 23:32:10,369 - the Event name=football, Event location=riyadh, Student id=1234567898
2022-11-02 09:52:00,448 - the Event name= tennis, Event location= jeddah, Student id= 1234567800
2022-11-02 10:29:38,884 - the Event name= tennis, Event location= jeddah, Student id= 1234567888
2022-11-02 10:31:09,896 - the Event name= vollyball, Event location= madinah, Student id= 1234567888
2022-11-02 18:17:02,025 - the Event name= vollyball, Event location= madinah, Student id= 1234567800
2022-11-04 09:32:15,563 - the Event name= riyadh front, Event location= riyadh 1223, Student id= 1234567878
2022-11-04 09:32:25,026 - the Event name= madinah front, Event location= 112345 jeddah, Student id= 1234567878
2022-11-04 09:32:37,262 - the Event name=  , Event location=  , Student id= 1234567878
2022-11-04 09:39:06,589 - the Event name= wajeehah thy, Event location= dammam 1234, Student id= 1234567878
2022-11-04 09:43:42,321 - the Event name= wajeehah thy, Event location= dammam 1234, Student id= 1234567800
2022-11-04 09:43:50,799 - the Event name= madinah front, Event location= 112345 jeddah, Student id= 1234567800
2022-11-04 09:44:38,194 - the Event name= madinah front, Event location= 112345 jeddah, Student id= 1234567876
2022-11-05 16:57:39,938 - the Event name= madinah 12234, Event location= madinah location 12234, Student id= 1234567891
2022-11-05 16:59:21,607 - the Event name= jeddah 1234, Event location= jeddah front, Student id= 1234567891
2022-11-05 16:59:25,669 - the Event name= riyadh 12234, Event location= riyadh front, Student id= 1234567891
2022-11-05 17:03:27,620 - the Event name= madinah 12234, Event location= madinah location 12234, Student id= 1234567892
2022-11-05 17:03:31,027 - the Event name= jeddah 1234, Event location= jeddah front, Student id= 1234567892
2022-11-05 22:18:02,104 - the Event name= Riyadh 1123, Event location= Riyadh front, Student id= 1234567891
2022-11-07 22:35:10,787 - the Event name= qq1, Event location= rrft, Student id= 1234567892
2022-11-07 22:35:31,224 - the Event name= qq3, Event location= fghfgh, Student id= 1234567892
2022-11-07 22:42:44,360 - the Event name= wetwtwertt 11323, Event location= ewqwew 3355, Student id= 1234567891
2022-11-07 22:42:53,875 - the Event name= sdsggsgs 2552, Event location= eseseg 4466, Student id= 1234567891
2022-11-07 22:44:56,560 - the Event name= qq1, Event location= rrft, Student id= 1234567893
2022-11-07 22:44:59,415 - the Event name= qq3, Event location= fghfgh, Student id= 1234567893
2022-11-08 11:43:44,661 - the Event name= wareef 12345, Event location= asdwf 22345, Student id= 1234567891
2022-11-08 11:46:44,176 - the Event name= ttgg yy56, Event location= fgrg 5255, Student id= 1234567891
